# JRE version: Java(TM) SE Runtime Environment (17.0.12+8) (build 17.0.12+8-LTS-286)
# Java VM: Java HotSpot(TM) 64-Bit Server VM (17.0.12+8-LTS-286, mixed mode, sharing, tiered, compressed oops, compressed class ptrs, g1 gc, windows-amd64)
GC Precious Log:
 CPUs: 12 total, 12 available
 Memory: 16108M
 Large Page Support: Disabled
 NUMA Support: Disabled
 Compressed Oops: Enabled (Zero based)
 Heap Region Size: 2M
 Heap Min Capacity: 8M
 Heap Initial Capacity: 252M
 Heap Max Capacity: 4028M
 Pre-touch: Disabled
 Parallel Workers: 10
 Concurrent Workers: 3
 Concurrent Refinement Workers: 10
 Periodic GC: Disabled
Heap:
 garbage-first heap   total 237568K, used 106450K [0x0000000704400000, 0x0000000800000000)
  region size 2048K, 6 young (12288K), 2 survivors (4096K)
 Metaspace       used 37772K, committed 38144K, reserved 1114112K
  class space    used 4171K, committed 4352K, reserved 1048576K
GC Heap History (20 events):
Event: 7.664 GC heap before
{Heap before GC invocations=7 (full 0):
 garbage-first heap   total 106496K, used 74693K [0x0000000704400000, 0x0000000800000000)
  region size 2048K, 16 young (32768K), 1 survivors (2048K)
 Metaspace       used 26942K, committed 27264K, reserved 1114112K
  class space    used 3052K, committed 3200K, reserved 1048576K
}
Event: 7.674 GC heap after
{Heap after GC invocations=8 (full 0):
 garbage-first heap   total 106496K, used 50176K [0x0000000704400000, 0x0000000800000000)
  region size 2048K, 2 young (4096K), 2 survivors (4096K)
 Metaspace       used 26942K, committed 27264K, reserved 1114112K
  class space    used 3052K, committed 3200K, reserved 1048576K
}
Event: 7.815 GC heap before
{Heap before GC invocations=8 (full 0):
 garbage-first heap   total 106496K, used 74752K [0x0000000704400000, 0x0000000800000000)
  region size 2048K, 14 young (28672K), 2 survivors (4096K)
 Metaspace       used 27161K, committed 27456K, reserved 1114112K
  class space    used 3055K, committed 3200K, reserved 1048576K
}
Event: 7.828 GC heap after
{Heap after GC invocations=9 (full 0):
 garbage-first heap   total 106496K, used 55296K [0x0000000704400000, 0x0000000800000000)
  region size 2048K, 2 young (4096K), 2 survivors (4096K)
 Metaspace       used 27161K, committed 27456K, reserved 1114112K
  class space    used 3055K, committed 3200K, reserved 1048576K
}
Event: 8.135 GC heap before
{Heap before GC invocations=9 (full 0):
 garbage-first heap   total 106496K, used 75776K [0x0000000704400000, 0x0000000800000000)
  region size 2048K, 13 young (26624K), 2 survivors (4096K)
 Metaspace       used 27868K, committed 28224K, reserved 1114112K
  class space    used 3117K, committed 3264K, reserved 1048576K
}
Event: 8.149 GC heap after
{Heap after GC invocations=10 (full 0):
 garbage-first heap   total 196608K, used 59896K [0x0000000704400000, 0x0000000800000000)
  region size 2048K, 2 young (4096K), 2 survivors (4096K)
 Metaspace       used 27868K, committed 28224K, reserved 1114112K
  class space    used 3117K, committed 3264K, reserved 1048576K
}
Event: 9.334 GC heap before
{Heap before GC invocations=11 (full 0):
 garbage-first heap   total 196608K, used 129528K [0x0000000704400000, 0x0000000800000000)
  region size 2048K, 36 young (73728K), 2 survivors (4096K)
 Metaspace       used 30390K, committed 30720K, reserved 1114112K
  class space    used 3394K, committed 3520K, reserved 1048576K
}
Event: 9.340 GC heap after
{Heap after GC invocations=12 (full 0):
 garbage-first heap   total 196608K, used 61284K [0x0000000704400000, 0x0000000800000000)
  region size 2048K, 3 young (6144K), 3 survivors (6144K)
 Metaspace       used 30390K, committed 30720K, reserved 1114112K
  class space    used 3394K, committed 3520K, reserved 1048576K
}
Event: 9.746 GC heap before
{Heap before GC invocations=12 (full 0):
 garbage-first heap   total 196608K, used 135012K [0x0000000704400000, 0x0000000800000000)
  region size 2048K, 39 young (79872K), 3 survivors (6144K)
 Metaspace       used 30829K, committed 31168K, reserved 1114112K
  class space    used 3419K, committed 3584K, reserved 1048576K
}
Event: 9.754 GC heap after
{Heap after GC invocations=13 (full 0):
 garbage-first heap   total 196608K, used 65180K [0x0000000704400000, 0x0000000800000000)
  region size 2048K, 3 young (6144K), 3 survivors (6144K)
 Metaspace       used 30829K, committed 31168K, reserved 1114112K
  class space    used 3419K, committed 3584K, reserved 1048576K
}
Event: 10.085 GC heap before
{Heap before GC invocations=13 (full 0):
 garbage-first heap   total 196608K, used 140956K [0x0000000704400000, 0x0000000800000000)
  region size 2048K, 40 young (81920K), 3 survivors (6144K)
 Metaspace       used 30938K, committed 31296K, reserved 1114112K
  class space    used 3421K, committed 3584K, reserved 1048576K
}
Event: 10.091 GC heap after
{Heap after GC invocations=14 (full 0):
 garbage-first heap   total 196608K, used 65651K [0x0000000704400000, 0x0000000800000000)
  region size 2048K, 3 young (6144K), 3 survivors (6144K)
 Metaspace       used 30938K, committed 31296K, reserved 1114112K
  class space    used 3421K, committed 3584K, reserved 1048576K
}
Event: 10.685 GC heap before
{Heap before GC invocations=14 (full 0):
 garbage-first heap   total 196608K, used 145523K [0x0000000704400000, 0x0000000800000000)
  region size 2048K, 42 young (86016K), 3 survivors (6144K)
 Metaspace       used 32159K, committed 32512K, reserved 1114112K
  class space    used 3573K, committed 3712K, reserved 1048576K
}
Event: 10.693 GC heap after
{Heap after GC invocations=15 (full 0):
 garbage-first heap   total 196608K, used 66572K [0x0000000704400000, 0x0000000800000000)
  region size 2048K, 4 young (8192K), 4 survivors (8192K)
 Metaspace       used 32159K, committed 32512K, reserved 1114112K
  class space    used 3573K, committed 3712K, reserved 1048576K
}
Event: 11.845 GC heap before
{Heap before GC invocations=15 (full 0):
 garbage-first heap   total 196608K, used 148492K [0x0000000704400000, 0x0000000800000000)
  region size 2048K, 44 young (90112K), 4 survivors (8192K)
 Metaspace       used 33563K, committed 33984K, reserved 1114112K
  class space    used 3666K, committed 3840K, reserved 1048576K
}
Event: 11.858 GC heap after
{Heap after GC invocations=16 (full 0):
 garbage-first heap   total 196608K, used 70865K [0x0000000704400000, 0x0000000800000000)
  region size 2048K, 5 young (10240K), 5 survivors (10240K)
 Metaspace       used 33563K, committed 33984K, reserved 1114112K
  class space    used 3666K, committed 3840K, reserved 1048576K
}
Event: 12.929 GC heap before
{Heap before GC invocations=16 (full 0):
 garbage-first heap   total 196608K, used 152785K [0x0000000704400000, 0x0000000800000000)
  region size 2048K, 45 young (92160K), 5 survivors (10240K)
 Metaspace       used 34150K, committed 34560K, reserved 1114112K
  class space    used 3716K, committed 3904K, reserved 1048576K
}
Event: 12.950 GC heap after
{Heap after GC invocations=17 (full 0):
 garbage-first heap   total 237568K, used 102233K [0x0000000704400000, 0x0000000800000000)
  region size 2048K, 6 young (12288K), 6 survivors (12288K)
 Metaspace       used 34150K, committed 34560K, reserved 1114112K
  class space    used 3716K, committed 3904K, reserved 1048576K
}
Event: 14.341 GC heap before
{Heap before GC invocations=17 (full 0):
 garbage-first heap   total 237568K, used 171865K [0x0000000704400000, 0x0000000800000000)
  region size 2048K, 40 young (81920K), 6 survivors (12288K)
 Metaspace       used 37108K, committed 37568K, reserved 1114112K
  class space    used 4082K, committed 4288K, reserved 1048576K
}
Event: 14.352 GC heap after
{Heap after GC invocations=18 (full 0):
 garbage-first heap   total 237568K, used 100306K [0x0000000704400000, 0x0000000800000000)
  region size 2048K, 2 young (4096K), 2 survivors (4096K)
 Metaspace       used 37108K, committed 37568K, reserved 1114112K
  class space    used 4082K, committed 4288K, reserved 1048576K
}

