# JRE version: Java(TM) SE Runtime Environment (17.0.12+8) (build 17.0.12+8-LTS-286)
# Java VM: Java HotSpot(TM) 64-Bit Server VM (17.0.12+8-LTS-286, mixed mode, sharing, tiered, compressed oops, compressed class ptrs, g1 gc, windows-amd64)
GC Precious Log:
 CPUs: 12 total, 12 available
 Memory: 16108M
 Large Page Support: Disabled
 NUMA Support: Disabled
 Compressed Oops: Enabled (32-bit)
 Heap Region Size: 1M
 Heap Min Capacity: 8M
 Heap Initial Capacity: 252M
 Heap Max Capacity: 512M
 Pre-touch: Disabled
 Parallel Workers: 10
 Concurrent Workers: 3
 Concurrent Refinement Workers: 10
 Periodic GC: Disabled
Heap:
 garbage-first heap   total 154624K, used 67411K [0x00000000e0000000, 0x0000000100000000)
  region size 1024K, 4 young (4096K), 4 survivors (4096K)
 Metaspace       used 35847K, committed 36224K, reserved 1114112K
  class space    used 3992K, committed 4160K, reserved 1048576K
GC Heap History (20 events):
Event: 11.399 GC heap after
{Heap after GC invocations=26 (full 0):
 garbage-first heap   total 147456K, used 72299K [0x00000000e0000000, 0x0000000100000000)
  region size 1024K, 3 young (3072K), 3 survivors (3072K)
 Metaspace       used 33656K, committed 34112K, reserved 1114112K
  class space    used 3686K, committed 3904K, reserved 1048576K
}
Event: 11.531 GC heap before
{Heap before GC invocations=26 (full 0):
 garbage-first heap   total 147456K, used 77419K [0x00000000e0000000, 0x0000000100000000)
  region size 1024K, 9 young (9216K), 3 survivors (3072K)
 Metaspace       used 33678K, committed 34112K, reserved 1114112K
  class space    used 3686K, committed 3904K, reserved 1048576K
}
Event: 11.535 GC heap after
{Heap after GC invocations=27 (full 0):
 garbage-first heap   total 147456K, used 72143K [0x00000000e0000000, 0x0000000100000000)
  region size 1024K, 3 young (3072K), 3 survivors (3072K)
 Metaspace       used 33678K, committed 34112K, reserved 1114112K
  class space    used 3686K, committed 3904K, reserved 1048576K
}
Event: 12.036 GC heap before
{Heap before GC invocations=28 (full 0):
 garbage-first heap   total 147456K, used 126415K [0x00000000e0000000, 0x0000000100000000)
  region size 1024K, 53 young (54272K), 3 survivors (3072K)
 Metaspace       used 33734K, committed 34176K, reserved 1114112K
  class space    used 3687K, committed 3904K, reserved 1048576K
}
Event: 12.050 GC heap after
{Heap after GC invocations=29 (full 0):
 garbage-first heap   total 154624K, used 99521K [0x00000000e0000000, 0x0000000100000000)
  region size 1024K, 7 young (7168K), 7 survivors (7168K)
 Metaspace       used 33734K, committed 34176K, reserved 1114112K
  class space    used 3687K, committed 3904K, reserved 1048576K
}
Event: 12.053 GC heap before
{Heap before GC invocations=29 (full 0):
 garbage-first heap   total 154624K, used 100545K [0x00000000e0000000, 0x0000000100000000)
  region size 1024K, 8 young (8192K), 7 survivors (7168K)
 Metaspace       used 33734K, committed 34176K, reserved 1114112K
  class space    used 3687K, committed 3904K, reserved 1048576K
}
Event: 12.062 GC heap after
{Heap after GC invocations=30 (full 0):
 garbage-first heap   total 154624K, used 86125K [0x00000000e0000000, 0x0000000100000000)
  region size 1024K, 1 young (1024K), 1 survivors (1024K)
 Metaspace       used 33734K, committed 34176K, reserved 1114112K
  class space    used 3687K, committed 3904K, reserved 1048576K
}
Event: 12.122 GC heap before
{Heap before GC invocations=30 (full 0):
 garbage-first heap   total 154624K, used 92269K [0x00000000e0000000, 0x0000000100000000)
  region size 1024K, 7 young (7168K), 1 survivors (1024K)
 Metaspace       used 33737K, committed 34176K, reserved 1114112K
  class space    used 3687K, committed 3904K, reserved 1048576K
}
Event: 12.128 GC heap after
{Heap after GC invocations=31 (full 0):
 garbage-first heap   total 154624K, used 86502K [0x00000000e0000000, 0x0000000100000000)
  region size 1024K, 1 young (1024K), 1 survivors (1024K)
 Metaspace       used 33737K, committed 34176K, reserved 1114112K
  class space    used 3687K, committed 3904K, reserved 1048576K
}
Event: 12.756 GC heap before
{Heap before GC invocations=31 (full 0):
 garbage-first heap   total 154624K, used 118246K [0x00000000e0000000, 0x0000000100000000)
  region size 1024K, 33 young (33792K), 1 survivors (1024K)
 Metaspace       used 35651K, committed 36160K, reserved 1114112K
  class space    used 3895K, committed 4160K, reserved 1048576K
}
Event: 12.758 GC heap after
{Heap after GC invocations=32 (full 0):
 garbage-first heap   total 154624K, used 87317K [0x00000000e0000000, 0x0000000100000000)
  region size 1024K, 2 young (2048K), 2 survivors (2048K)
 Metaspace       used 35651K, committed 36160K, reserved 1114112K
  class space    used 3895K, committed 4160K, reserved 1048576K
}
Event: 13.470 GC heap before
{Heap before GC invocations=33 (full 0):
 garbage-first heap   total 154624K, used 120085K [0x00000000e0000000, 0x0000000100000000)
  region size 1024K, 36 young (36864K), 2 survivors (2048K)
 Metaspace       used 34137K, committed 34624K, reserved 1114112K
  class space    used 3709K, committed 4032K, reserved 1048576K
}
Event: 13.474 GC heap after
{Heap after GC invocations=34 (full 0):
 garbage-first heap   total 154624K, used 85670K [0x00000000e0000000, 0x0000000100000000)
  region size 1024K, 4 young (4096K), 4 survivors (4096K)
 Metaspace       used 34137K, committed 34624K, reserved 1114112K
  class space    used 3709K, committed 4032K, reserved 1048576K
}
Event: 13.526 GC heap before
{Heap before GC invocations=34 (full 0):
 garbage-first heap   total 154624K, used 88742K [0x00000000e0000000, 0x0000000100000000)
  region size 1024K, 7 young (7168K), 4 survivors (4096K)
 Metaspace       used 34291K, committed 34752K, reserved 1114112K
  class space    used 3730K, committed 4032K, reserved 1048576K
}
Event: 13.531 GC heap after
{Heap after GC invocations=35 (full 0):
 garbage-first heap   total 154624K, used 70604K [0x00000000e0000000, 0x0000000100000000)
  region size 1024K, 1 young (1024K), 1 survivors (1024K)
 Metaspace       used 34291K, committed 34752K, reserved 1114112K
  class space    used 3730K, committed 4032K, reserved 1048576K
}
Event: 13.648 GC heap before
{Heap before GC invocations=35 (full 0):
 garbage-first heap   total 154624K, used 76748K [0x00000000e0000000, 0x0000000100000000)
  region size 1024K, 7 young (7168K), 1 survivors (1024K)
 Metaspace       used 34873K, committed 35328K, reserved 1114112K
  class space    used 3859K, committed 4096K, reserved 1048576K
}
Event: 13.651 GC heap after
{Heap after GC invocations=36 (full 0):
 garbage-first heap   total 154624K, used 66129K [0x00000000e0000000, 0x0000000100000000)
  region size 1024K, 1 young (1024K), 1 survivors (1024K)
 Metaspace       used 34873K, committed 35328K, reserved 1114112K
  class space    used 3859K, committed 4096K, reserved 1048576K
}
Event: 14.034 GC heap before
{Heap before GC invocations=36 (full 0):
 garbage-first heap   total 154624K, used 81489K [0x00000000e0000000, 0x0000000100000000)
  region size 1024K, 13 young (13312K), 1 survivors (1024K)
 Metaspace       used 36248K, committed 36672K, reserved 1114112K
  class space    used 4031K, committed 4224K, reserved 1048576K
}
Event: 14.036 GC heap after
{Heap after GC invocations=37 (full 0):
 garbage-first heap   total 154624K, used 71584K [0x00000000e0000000, 0x0000000100000000)
  region size 1024K, 3 young (3072K), 3 survivors (3072K)
 Metaspace       used 36248K, committed 36672K, reserved 1114112K
  class space    used 4031K, committed 4224K, reserved 1048576K
}
Event: 14.759 GC heap before
{Heap before GC invocations=38 (full 0):
 garbage-first heap   total 154624K, used 128928K [0x00000000e0000000, 0x0000000100000000)
  region size 1024K, 50 young (51200K), 3 survivors (3072K)
 Metaspace       used 35847K, committed 36224K, reserved 1114112K
  class space    used 3992K, committed 4160K, reserved 1048576K
}

