# JRE version: Java(TM) SE Runtime Environment (17.0.12+8) (build 17.0.12+8-LTS-286)
# Java VM: Java HotSpot(TM) 64-Bit Server VM (17.0.12+8-LTS-286, mixed mode, emulated-client, sharing, tiered, compressed oops, compressed class ptrs, g1 gc, windows-amd64)
GC Precious Log:
 CPUs: 12 total, 12 available
 Memory: 16108M
 Large Page Support: Disabled
 NUMA Support: Disabled
 Compressed Oops: Enabled (Zero based)
 Heap Region Size: 2M
 Heap Min Capacity: 8M
 Heap Initial Capacity: 252M
 Heap Max Capacity: 4028M
 Pre-touch: Disabled
 Parallel Workers: 10
 Concurrent Workers: 3
 Concurrent Refinement Workers: 10
 Periodic GC: Disabled
Heap:
 garbage-first heap   total 161792K, used 62315K [0x0000000704400000, 0x0000000800000000)
  region size 2048K, 18 young (36864K), 3 survivors (6144K)
 Metaspace       used 57748K, committed 58368K, reserved 1114112K
  class space    used 8286K, committed 8576K, reserved 1048576K
GC Heap History (20 events):
Event: 3.481 GC heap before
{Heap before GC invocations=3 (full 0):
 garbage-first heap   total 258048K, used 52353K [0x0000000704400000, 0x0000000800000000)
  region size 2048K, 23 young (47104K), 3 survivors (6144K)
 Metaspace       used 21221K, committed 21504K, reserved 1114112K
  class space    used 2939K, committed 3072K, reserved 1048576K
}
Event: 3.486 GC heap after
{Heap after GC invocations=4 (full 0):
 garbage-first heap   total 258048K, used 15862K [0x0000000704400000, 0x0000000800000000)
  region size 2048K, 5 young (10240K), 5 survivors (10240K)
 Metaspace       used 21221K, committed 21504K, reserved 1114112K
  class space    used 2939K, committed 3072K, reserved 1048576K
}
Event: 4.138 GC heap before
{Heap before GC invocations=5 (full 0):
 garbage-first heap   total 69632K, used 46582K [0x0000000704400000, 0x0000000800000000)
  region size 2048K, 20 young (40960K), 5 survivors (10240K)
 Metaspace       used 24998K, committed 25344K, reserved 1114112K
  class space    used 3542K, committed 3712K, reserved 1048576K
}
Event: 4.145 GC heap after
{Heap after GC invocations=6 (full 0):
 garbage-first heap   total 69632K, used 17532K [0x0000000704400000, 0x0000000800000000)
  region size 2048K, 3 young (6144K), 3 survivors (6144K)
 Metaspace       used 24998K, committed 25344K, reserved 1114112K
  class space    used 3542K, committed 3712K, reserved 1048576K
}
Event: 4.188 GC heap before
{Heap before GC invocations=6 (full 0):
 garbage-first heap   total 69632K, used 19580K [0x0000000704400000, 0x0000000800000000)
  region size 2048K, 4 young (8192K), 3 survivors (6144K)
 Metaspace       used 25135K, committed 25472K, reserved 1114112K
  class space    used 3570K, committed 3712K, reserved 1048576K
}
Event: 4.195 GC heap after
{Heap after GC invocations=7 (full 0):
 garbage-first heap   total 69632K, used 17857K [0x0000000704400000, 0x0000000800000000)
  region size 2048K, 1 young (2048K), 1 survivors (2048K)
 Metaspace       used 25135K, committed 25472K, reserved 1114112K
  class space    used 3570K, committed 3712K, reserved 1048576K
}
Event: 4.704 GC heap before
{Heap before GC invocations=7 (full 0):
 garbage-first heap   total 69632K, used 44481K [0x0000000704400000, 0x0000000800000000)
  region size 2048K, 15 young (30720K), 1 survivors (2048K)
 Metaspace       used 29056K, committed 29504K, reserved 1114112K
  class space    used 4173K, committed 4416K, reserved 1048576K
}
Event: 4.713 GC heap after
{Heap after GC invocations=8 (full 0):
 garbage-first heap   total 106496K, used 19589K [0x0000000704400000, 0x0000000800000000)
  region size 2048K, 2 young (4096K), 2 survivors (4096K)
 Metaspace       used 29056K, committed 29504K, reserved 1114112K
  class space    used 4173K, committed 4416K, reserved 1048576K
}
Event: 5.661 GC heap before
{Heap before GC invocations=8 (full 0):
 garbage-first heap   total 106496K, used 54405K [0x0000000704400000, 0x0000000800000000)
  region size 2048K, 20 young (40960K), 2 survivors (4096K)
 Metaspace       used 35550K, committed 35968K, reserved 1114112K
  class space    used 5057K, committed 5248K, reserved 1048576K
}
Event: 5.672 GC heap after
{Heap after GC invocations=9 (full 0):
 garbage-first heap   total 106496K, used 21426K [0x0000000704400000, 0x0000000800000000)
  region size 2048K, 3 young (6144K), 3 survivors (6144K)
 Metaspace       used 35550K, committed 35968K, reserved 1114112K
  class space    used 5057K, committed 5248K, reserved 1048576K
}
Event: 6.329 GC heap before
{Heap before GC invocations=10 (full 0):
 garbage-first heap   total 90112K, used 66482K [0x0000000704400000, 0x0000000800000000)
  region size 2048K, 26 young (53248K), 3 survivors (6144K)
 Metaspace       used 43420K, committed 43904K, reserved 1114112K
  class space    used 6190K, committed 6400K, reserved 1048576K
}
Event: 6.339 GC heap after
{Heap after GC invocations=11 (full 0):
 garbage-first heap   total 90112K, used 26895K [0x0000000704400000, 0x0000000800000000)
  region size 2048K, 4 young (8192K), 4 survivors (8192K)
 Metaspace       used 43420K, committed 43904K, reserved 1114112K
  class space    used 6190K, committed 6400K, reserved 1048576K
}
Event: 6.362 GC heap before
{Heap before GC invocations=11 (full 0):
 garbage-first heap   total 90112K, used 28943K [0x0000000704400000, 0x0000000800000000)
  region size 2048K, 5 young (10240K), 4 survivors (8192K)
 Metaspace       used 43641K, committed 44160K, reserved 1114112K
  class space    used 6219K, committed 6464K, reserved 1048576K
}
Event: 6.369 GC heap after
{Heap after GC invocations=12 (full 0):
 garbage-first heap   total 90112K, used 26778K [0x0000000704400000, 0x0000000800000000)
  region size 2048K, 1 young (2048K), 1 survivors (2048K)
 Metaspace       used 43641K, committed 44160K, reserved 1114112K
  class space    used 6219K, committed 6464K, reserved 1048576K
}
Event: 6.904 GC heap before
{Heap before GC invocations=12 (full 0):
 garbage-first heap   total 90112K, used 65690K [0x0000000704400000, 0x0000000800000000)
  region size 2048K, 20 young (40960K), 1 survivors (2048K)
 Metaspace       used 49645K, committed 50176K, reserved 1114112K
  class space    used 7042K, committed 7296K, reserved 1048576K
}
Event: 6.909 GC heap after
{Heap after GC invocations=13 (full 0):
 garbage-first heap   total 90112K, used 29047K [0x0000000704400000, 0x0000000800000000)
  region size 2048K, 2 young (4096K), 2 survivors (4096K)
 Metaspace       used 49645K, committed 50176K, reserved 1114112K
  class space    used 7042K, committed 7296K, reserved 1048576K
}
Event: 7.407 GC heap before
{Heap before GC invocations=13 (full 0):
 garbage-first heap   total 90112K, used 67959K [0x0000000704400000, 0x0000000800000000)
  region size 2048K, 21 young (43008K), 2 survivors (4096K)
 Metaspace       used 52668K, committed 53184K, reserved 1114112K
  class space    used 7530K, committed 7744K, reserved 1048576K
}
Event: 7.417 GC heap after
{Heap after GC invocations=14 (full 0):
 garbage-first heap   total 90112K, used 31220K [0x0000000704400000, 0x0000000800000000)
  region size 2048K, 3 young (6144K), 3 survivors (6144K)
 Metaspace       used 52668K, committed 53184K, reserved 1114112K
  class space    used 7530K, committed 7744K, reserved 1048576K
}
Event: 7.946 GC heap before
{Heap before GC invocations=14 (full 0):
 garbage-first heap   total 90112K, used 68084K [0x0000000704400000, 0x0000000800000000)
  region size 2048K, 21 young (43008K), 3 survivors (6144K)
 Metaspace       used 55362K, committed 55808K, reserved 1114112K
  class space    used 7940K, committed 8128K, reserved 1048576K
}
Event: 7.954 GC heap after
{Heap after GC invocations=15 (full 0):
 garbage-first heap   total 161792K, used 33643K [0x0000000704400000, 0x0000000800000000)
  region size 2048K, 3 young (6144K), 3 survivors (6144K)
 Metaspace       used 55362K, committed 55808K, reserved 1114112K
  class space    used 7940K, committed 8128K, reserved 1048576K
}

